app/build/intermediates/manifest_merge_blame_file/debug/manifest-merger-blame-debug-report.txt
1<?xml version="1.0" encoding="utf-8"?>
2<manifest xmlns:android="http://schemas.android.com/apk/res/android"
3    package="com.example.moamoa"
4    android:versionCode="1"
5    android:versionName="1.0" >
6
7    <uses-sdk
8        android:minSdkVersion="21"
8-->src\main\AndroidManifest.xml
9        android:targetSdkVersion="31" />
9-->src\main\AndroidManifest.xml
10
11    <uses-permission android:name="android.permission.INTERACT" />
11-->src\main\AndroidManifest.xml:6:5-8:40
11-->src\main\AndroidManifest.xml:7:9-51
12    <uses-permission android:name="android.permission.WRITE_EXTERNAL_STORAGE" />
12-->src\main\AndroidManifest.xml:9:5-81
12-->src\main\AndroidManifest.xml:9:22-78
13    <uses-permission android:name="android.permission.READ_EXTERNAL_STORAGE" />
13-->src\main\AndroidManifest.xml:10:5-80
13-->src\main\AndroidManifest.xml:10:22-77
14    <uses-permission android:name="android.permission.INTERNET" />
14-->src\main\AndroidManifest.xml:11:5-67
14-->src\main\AndroidManifest.xml:11:22-64
15    <uses-permission android:name="android.permission.CAMERA" />
15-->src\main\AndroidManifest.xml:12:5-64
15-->src\main\AndroidManifest.xml:12:22-62
16
17    <uses-feature
17-->src\main\AndroidManifest.xml:13:5-83
18        android:name="android.hardware.camera"
18-->src\main\AndroidManifest.xml:13:19-57
19        android:required="true" />
19-->src\main\AndroidManifest.xml:13:58-81
20
21    <uses-permission android:name="android.permission.INTERNET" />
21-->src\main\AndroidManifest.xml:11:5-67
21-->src\main\AndroidManifest.xml:11:22-64
22    <uses-permission android:name="android.permission.ACCESS_NETWORK_STATE" />
22-->src\main\AndroidManifest.xml:16:5-79
22-->src\main\AndroidManifest.xml:16:22-76
23
24    <queries>
24-->[com.navercorp.nid:oauth:5.1.0] AndroidManifest.xml:13:5-23:15
25
26        <!-- 네이버앱 : 로그인, 스킴로그인 -->
27        <package android:name="com.nhn.android.search" />
27-->[com.navercorp.nid:oauth:5.1.0] AndroidManifest.xml:16:9-58
27-->[com.navercorp.nid:oauth:5.1.0] AndroidManifest.xml:16:18-55
28        <!-- 커스텀탭 로그인 -->
29        <intent>
29-->[com.navercorp.nid:oauth:5.1.0] AndroidManifest.xml:18:9-20:18
30            <action android:name="android.support.customtabs.action.CustomTabsService" />
30-->[com.navercorp.nid:oauth:5.1.0] AndroidManifest.xml:19:13-90
30-->[com.navercorp.nid:oauth:5.1.0] AndroidManifest.xml:19:21-87
31        </intent>
32
33        <package android:name="com.android.chrome" />
33-->[com.navercorp.nid:oauth:5.1.0] AndroidManifest.xml:22:9-54
33-->[com.navercorp.nid:oauth:5.1.0] AndroidManifest.xml:22:18-51
34        <package android:name="com.locnall.KimGiSa" />
34-->[com.kakao.sdk:v2-navi:2.10.0] AndroidManifest.xml:10:9-55
34-->[com.kakao.sdk:v2-navi:2.10.0] AndroidManifest.xml:10:18-52
35        <package android:name="com.lguplus.navi" />
35-->[com.kakao.sdk:v2-navi:2.10.0] AndroidManifest.xml:11:9-52
35-->[com.kakao.sdk:v2-navi:2.10.0] AndroidManifest.xml:11:18-49
36        <package android:name="com.kakao.talk" />
36-->[com.kakao.sdk:v2-common:2.10.0] AndroidManifest.xml:10:9-50
36-->[com.kakao.sdk:v2-common:2.10.0] AndroidManifest.xml:10:18-47
37        <package android:name="com.kakao.talk.alpha" />
37-->[com.kakao.sdk:v2-common:2.10.0] AndroidManifest.xml:11:9-56
37-->[com.kakao.sdk:v2-common:2.10.0] AndroidManifest.xml:11:18-53
38        <package android:name="com.kakao.talk.sandbox" />
38-->[com.kakao.sdk:v2-common:2.10.0] AndroidManifest.xml:12:9-58
38-->[com.kakao.sdk:v2-common:2.10.0] AndroidManifest.xml:12:18-55
39        <package android:name="com.kakao.onetalk" />
39-->[com.kakao.sdk:v2-common:2.10.0] AndroidManifest.xml:13:9-53
39-->[com.kakao.sdk:v2-common:2.10.0] AndroidManifest.xml:13:18-50
40
41        <intent>
41-->[com.kakao.sdk:v2-common:2.10.0] AndroidManifest.xml:15:9-21:18
42            <action android:name="android.intent.action.VIEW" />
42-->[com.navercorp.nid:oauth:5.1.0] AndroidManifest.xml:51:17-69
42-->[com.navercorp.nid:oauth:5.1.0] AndroidManifest.xml:51:25-66
43
44            <category android:name="android.intent.category.BROWSABLE" />
44-->[com.navercorp.nid:oauth:5.1.0] AndroidManifest.xml:54:17-78
44-->[com.navercorp.nid:oauth:5.1.0] AndroidManifest.xml:54:27-75
45
46            <data android:scheme="https" />
46-->[com.navercorp.nid:oauth:5.1.0] AndroidManifest.xml:56:17-59:59
46-->[com.navercorp.nid:oauth:5.1.0] AndroidManifest.xml:59:21-56
47        </intent>
48    </queries>
49
50    <uses-feature
50-->[com.naver.maps:map-sdk:3.16.0] AndroidManifest.xml:9:5-11:35
51        android:glEsVersion="0x00020000"
51-->[com.naver.maps:map-sdk:3.16.0] AndroidManifest.xml:10:9-41
52        android:required="true" />
52-->[com.naver.maps:map-sdk:3.16.0] AndroidManifest.xml:11:9-32
53    <uses-feature
53-->[com.naver.maps:map-sdk:3.16.0] AndroidManifest.xml:12:5-14:36
54        android:name="android.hardware.wifi"
54-->[com.naver.maps:map-sdk:3.16.0] AndroidManifest.xml:13:9-45
55        android:required="false" />
55-->[com.naver.maps:map-sdk:3.16.0] AndroidManifest.xml:14:9-33
56
57    <uses-permission android:name="android.permission.ACCESS_WIFI_STATE" />
57-->[com.naver.maps:map-sdk:3.16.0] AndroidManifest.xml:18:5-76
57-->[com.naver.maps:map-sdk:3.16.0] AndroidManifest.xml:18:22-73
58    <uses-permission android:name="android.permission.WAKE_LOCK" /> <!-- Required by older versions of Google Play services to create IID tokens -->
58-->[com.google.firebase:firebase-messaging:23.0.5] AndroidManifest.xml:26:5-68
58-->[com.google.firebase:firebase-messaging:23.0.5] AndroidManifest.xml:26:22-65
59    <uses-permission android:name="com.google.android.c2dm.permission.RECEIVE" />
59-->[com.google.firebase:firebase-messaging:23.0.5] AndroidManifest.xml:28:5-82
59-->[com.google.firebase:firebase-messaging:23.0.5] AndroidManifest.xml:28:22-79
60    <uses-permission android:name="com.google.android.gms.permission.AD_ID" />
60-->[com.google.android.gms:play-services-measurement-api:21.0.0] AndroidManifest.xml:25:5-79
60-->[com.google.android.gms:play-services-measurement-api:21.0.0] AndroidManifest.xml:25:22-76
61    <uses-permission android:name="com.google.android.finsky.permission.BIND_GET_INSTALL_REFERRER_SERVICE" />
61-->[com.google.android.gms:play-services-measurement:21.0.0] AndroidManifest.xml:26:5-110
61-->[com.google.android.gms:play-services-measurement:21.0.0] AndroidManifest.xml:26:22-107
62
63    <application
63-->src\main\AndroidManifest.xml:18:5-141:19
64        android:name="com.example.moamoa.GlobalApplication"
64-->src\main\AndroidManifest.xml:19:9-42
65        android:allowBackup="true"
65-->src\main\AndroidManifest.xml:20:9-35
66        android:appComponentFactory="androidx.core.app.CoreComponentFactory"
66-->[androidx.core:core:1.7.0] AndroidManifest.xml:24:18-86
67        android:debuggable="true"
68        android:icon="@mipmap/ic_main"
68-->src\main\AndroidManifest.xml:21:9-39
69        android:label="@string/app_name"
69-->src\main\AndroidManifest.xml:22:9-41
70        android:roundIcon="@mipmap/ic_main"
70-->src\main\AndroidManifest.xml:23:9-44
71        android:supportsRtl="true"
71-->src\main\AndroidManifest.xml:24:9-35
72        android:testOnly="true"
73        android:theme="@style/Theme.MOAMOA"
73-->src\main\AndroidManifest.xml:25:9-44
74        android:usesCleartextTraffic="true" >
74-->[com.kakao.sdk:v2-friend:2.10.0] AndroidManifest.xml:11:9-44
75        <meta-data
75-->src\main\AndroidManifest.xml:27:9-29:72
76            android:name="xjdzzwh9wk"
76-->src\main\AndroidManifest.xml:28:13-38
77            android:value="qQ7H0N5M4ZQLzBYyIdCtzzmIVPqQjpb6TsIUxHix" />
77-->src\main\AndroidManifest.xml:29:13-69
78        <meta-data
78-->src\main\AndroidManifest.xml:30:9-32:53
79            android:name="com.kakao.sdk.AppKey"
79-->src\main\AndroidManifest.xml:31:13-48
80            android:value="@string/kakao_app_key" />
80-->src\main\AndroidManifest.xml:32:13-50
81        <meta-data
81-->src\main\AndroidManifest.xml:34:9-36:70
82            android:name="com.google.firebase.messaging.default_notification_channel_id"
82-->src\main\AndroidManifest.xml:35:13-89
83            android:value="@string/default_notification_channel_id" />
83-->src\main\AndroidManifest.xml:36:13-68
84
85        <activity
85-->src\main\AndroidManifest.xml:38:9-41:38
86            android:name="com.example.moamoa.MainActivity"
86-->src\main\AndroidManifest.xml:39:13-41
87            android:configChanges="orientation|screenSize"
87-->src\main\AndroidManifest.xml:40:13-59
88            android:exported="true" />
88-->src\main\AndroidManifest.xml:41:13-36
89        <activity
89-->src\main\AndroidManifest.xml:43:9-45:15
90            android:name="com.example.moamoa.ui.formdetail.FormChangeActivity"
90-->src\main\AndroidManifest.xml:43:19-67
91            android:label="게시글 수정" />
91-->src\main\AndroidManifest.xml:44:13-35
92        <activity
92-->src\main\AndroidManifest.xml:46:9-49:37
93            android:name="com.example.moamoa.ui.search.SearchActivity"
93-->src\main\AndroidManifest.xml:47:13-53
94            android:exported="false"
94-->src\main\AndroidManifest.xml:48:13-37
95            android:label="게시글 검색" />
95-->src\main\AndroidManifest.xml:49:13-35
96        <activity
96-->src\main\AndroidManifest.xml:51:9-54:36
97            android:name="com.example.moamoa.ui.chatlist.ChatListActivity"
97-->src\main\AndroidManifest.xml:52:13-57
98            android:exported="false"
98-->src\main\AndroidManifest.xml:53:13-37
99            android:label="채팅 이력" />
99-->src\main\AndroidManifest.xml:54:13-34
100        <activity
100-->src\main\AndroidManifest.xml:56:9-59:34
101            android:name="com.example.moamoa.ui.chats.ChatsActivity"
101-->src\main\AndroidManifest.xml:57:13-51
102            android:exported="false"
102-->src\main\AndroidManifest.xml:58:13-37
103            android:label="채팅" />
103-->src\main\AndroidManifest.xml:59:13-31
104        <activity
104-->src\main\AndroidManifest.xml:61:9-63:34
105            android:name="com.example.moamoa.ui.notifications.NotificationsActivity"
105-->src\main\AndroidManifest.xml:62:13-67
106            android:label="알림" />
106-->src\main\AndroidManifest.xml:63:13-31
107        <activity
107-->src\main\AndroidManifest.xml:65:9-67:39
108            android:name="com.example.moamoa.ui.formdetail.DetailCreaterSideActivity"
108-->src\main\AndroidManifest.xml:66:13-68
109            android:label="판매자 페이지" />
109-->src\main\AndroidManifest.xml:67:13-36
110        <activity
110-->src\main\AndroidManifest.xml:69:9-79:20
111            android:name="com.example.moamoa.LoginActivity"
111-->src\main\AndroidManifest.xml:70:13-42
112            android:configChanges="orientation|screenSize"
112-->src\main\AndroidManifest.xml:71:13-59
113            android:exported="true"
113-->src\main\AndroidManifest.xml:72:13-36
114            android:label="@string/app_name" >
114-->src\main\AndroidManifest.xml:73:13-45
115            <intent-filter>
115-->src\main\AndroidManifest.xml:74:13-78:29
116                <action android:name="android.intent.action.MAIN" />
116-->src\main\AndroidManifest.xml:75:17-69
116-->src\main\AndroidManifest.xml:75:25-66
117
118                <category android:name="android.intent.category.LAUNCHER" />
118-->src\main\AndroidManifest.xml:77:17-77
118-->src\main\AndroidManifest.xml:77:27-74
119            </intent-filter>
120        </activity>
121        <activity android:name="com.example.moamoa.ui.account.RegisterActivity" />
121-->src\main\AndroidManifest.xml:81:9-65
121-->src\main\AndroidManifest.xml:81:19-62
122        <activity
122-->src\main\AndroidManifest.xml:83:9-85:74
123            android:name="com.example.moamoa.LoadingActivity"
123-->src\main\AndroidManifest.xml:84:13-44
124            android:theme="@android:style/Theme.NoTitleBar.Fullscreen" />
124-->src\main\AndroidManifest.xml:85:13-71
125        <activity
125-->src\main\AndroidManifest.xml:86:9-88:36
126            android:name="com.example.moamoa.ui.category.CategoryActivity"
126-->src\main\AndroidManifest.xml:87:13-57
127            android:label="카테고리" />
127-->src\main\AndroidManifest.xml:88:13-33
128        <activity
128-->src\main\AndroidManifest.xml:89:9-91:36
129            android:name="com.example.moamoa.ui.dashboard.MapActivity"
129-->src\main\AndroidManifest.xml:90:13-53
130            android:label="카테고리" />
130-->src\main\AndroidManifest.xml:91:13-33
131        <activity android:name="com.example.moamoa.ui.formdetail.FormdetailActivity" />
131-->src\main\AndroidManifest.xml:92:9-70
131-->src\main\AndroidManifest.xml:92:19-67
132        <activity
132-->src\main\AndroidManifest.xml:93:9-95:40
133            android:name="com.example.moamoa.ui.mypage.EditMyinfo"
133-->src\main\AndroidManifest.xml:94:13-49
134            android:label="계정 정보 수정" />
134-->src\main\AndroidManifest.xml:95:13-37
135        <activity
135-->src\main\AndroidManifest.xml:96:9-98:38
136            android:name="com.example.moamoa.ui.account.PhoneActivity"
136-->src\main\AndroidManifest.xml:97:13-53
137            android:label="휴대폰 인증" />
137-->src\main\AndroidManifest.xml:98:13-35
138        <activity
138-->src\main\AndroidManifest.xml:99:9-101:38
139            android:name="com.example.moamoa.ui.mypage.CreatedForms"
139-->src\main\AndroidManifest.xml:100:13-51
140            android:label="만든 게시글" />
140-->src\main\AndroidManifest.xml:101:13-35
141        <activity
141-->src\main\AndroidManifest.xml:102:9-104:39
142            android:name="com.example.moamoa.ui.mypage.ParticipatedForms"
142-->src\main\AndroidManifest.xml:103:13-56
143            android:label="참여한 게시글" />
143-->src\main\AndroidManifest.xml:104:13-36
144        <activity
144-->src\main\AndroidManifest.xml:105:9-107:38
145            android:name="com.example.moamoa.ui.mypage.HeartForms"
145-->src\main\AndroidManifest.xml:106:13-49
146            android:label="관심 게시글" />
146-->src\main\AndroidManifest.xml:107:13-35
147        <activity
147-->src\main\AndroidManifest.xml:108:9-110:37
148            android:name="com.example.moamoa.ui.mypage.AreaSetting"
148-->src\main\AndroidManifest.xml:109:13-50
149            android:label="지역 설정" />
149-->src\main\AndroidManifest.xml:110:13-34
150        <activity
150-->src\main\AndroidManifest.xml:111:9-113:37
151            android:name="com.example.moamoa.ui.mypage.AlarmSetting"
151-->src\main\AndroidManifest.xml:112:13-51
152            android:label="알림 설정" />
152-->src\main\AndroidManifest.xml:113:13-34
153        <activity
153-->src\main\AndroidManifest.xml:114:9-116:36
154            android:name="com.example.moamoa.ui.mypage.Setting"
154-->src\main\AndroidManifest.xml:115:13-46
155            android:label="환경설정" />
155-->src\main\AndroidManifest.xml:116:13-33
156        <activity
156-->src\main\AndroidManifest.xml:117:9-119:40
157            android:name="com.example.moamoa.ui.mypage.CheckLogin"
157-->src\main\AndroidManifest.xml:118:13-49
158            android:label="계정 정보 수정" />
158-->src\main\AndroidManifest.xml:119:13-37
159        <activity
159-->src\main\AndroidManifest.xml:120:9-122:37
160            android:name="com.example.moamoa.ui.mypage.CheckMyinfo"
160-->src\main\AndroidManifest.xml:121:13-50
161            android:label="계정 정보" />
161-->src\main\AndroidManifest.xml:122:13-34
162        <activity
162-->src\main\AndroidManifest.xml:123:9-125:59
163            android:name="com.example.moamoa.ui.mypage.CustomDialog"
163-->src\main\AndroidManifest.xml:124:13-51
164            android:theme="@android:style/Theme.Dialog" />
164-->src\main\AndroidManifest.xml:125:13-56
165        <!-- crop activity -->
166        <activity
166-->src\main\AndroidManifest.xml:127:9-130:66
167            android:name="com.soundcloud.android.crop.CropImageActivity"
167-->src\main\AndroidManifest.xml:128:13-73
168            android:screenOrientation="portrait"
168-->src\main\AndroidManifest.xml:129:13-49
169            android:theme="@style/Theme.AppCompat.NoActionBar" />
169-->src\main\AndroidManifest.xml:130:13-63
170
171        <service
171-->src\main\AndroidManifest.xml:132:9-138:19
172            android:name="com.example.moamoa.ui.notifications.MyFirebaseMessagingService"
172-->src\main\AndroidManifest.xml:133:13-72
173            android:exported="true" >
173-->src\main\AndroidManifest.xml:134:13-36
174            <intent-filter>
174-->src\main\AndroidManifest.xml:135:13-137:29
175                <action android:name="com.google.firebase.MESSAGING_EVENT" />
175-->src\main\AndroidManifest.xml:136:17-77
175-->src\main\AndroidManifest.xml:136:25-75
176            </intent-filter>
177        </service>
178
179        <!-- <activity -->
180        <!-- android:name="com.nhn.android.naverlogin.ui.OAuthLoginActivity" -->
181        <!-- android:configChanges="orientation|screenSize" -->
182        <!-- android:theme="@style/Theme.AppCompat.Light.Dialog" /> -->
183        <activity
183-->[com.navercorp.nid:oauth:5.1.0] AndroidManifest.xml:32:9-35:78
184            android:name="com.navercorp.nid.oauth.NidOAuthBridgeActivity"
184-->[com.navercorp.nid:oauth:5.1.0] AndroidManifest.xml:33:13-74
185            android:configChanges="orientation|screenSize"
185-->[com.navercorp.nid:oauth:5.1.0] AndroidManifest.xml:34:13-59
186            android:theme="@style/Theme.AppCompat.Transparent.NoActionBar" />
186-->[com.navercorp.nid:oauth:5.1.0] AndroidManifest.xml:35:13-75
187        <activity
187-->[com.navercorp.nid:oauth:5.1.0] AndroidManifest.xml:36:9-41:78
188            android:name="com.navercorp.nid.oauth.activity.NidOAuthWebViewActivity"
188-->[com.navercorp.nid:oauth:5.1.0] AndroidManifest.xml:37:13-84
189            android:configChanges="orientation|screenSize"
189-->[com.navercorp.nid:oauth:5.1.0] AndroidManifest.xml:38:13-59
190            android:label="OAuth2.0 by WebView"
190-->[com.navercorp.nid:oauth:5.1.0] AndroidManifest.xml:39:13-48
191            android:screenOrientation="behind"
191-->[com.navercorp.nid:oauth:5.1.0] AndroidManifest.xml:40:13-47
192            android:theme="@style/Theme.AppCompat.Transparent.NoActionBar" />
192-->[com.navercorp.nid:oauth:5.1.0] AndroidManifest.xml:41:13-75
193        <activity
193-->[com.navercorp.nid:oauth:5.1.0] AndroidManifest.xml:42:9-61:20
194            android:name="com.navercorp.nid.oauth.activity.NidOAuthCustomTabActivity"
194-->[com.navercorp.nid:oauth:5.1.0] AndroidManifest.xml:43:13-86
195            android:configChanges="orientation|screenSize"
195-->[com.navercorp.nid:oauth:5.1.0] AndroidManifest.xml:44:13-59
196            android:exported="true"
196-->[com.navercorp.nid:oauth:5.1.0] AndroidManifest.xml:45:13-36
197            android:label="OAuth2.0 by Custom tabs"
197-->[com.navercorp.nid:oauth:5.1.0] AndroidManifest.xml:46:13-52
198            android:launchMode="singleTask"
198-->[com.navercorp.nid:oauth:5.1.0] AndroidManifest.xml:47:13-44
199            android:screenOrientation="behind"
199-->[com.navercorp.nid:oauth:5.1.0] AndroidManifest.xml:48:13-47
200            android:theme="@style/Theme.AppCompat.NoActionBar" >
200-->[com.navercorp.nid:oauth:5.1.0] AndroidManifest.xml:49:13-63
201            <intent-filter>
201-->[com.navercorp.nid:oauth:5.1.0] AndroidManifest.xml:50:13-60:29
202                <action android:name="android.intent.action.VIEW" />
202-->[com.navercorp.nid:oauth:5.1.0] AndroidManifest.xml:51:17-69
202-->[com.navercorp.nid:oauth:5.1.0] AndroidManifest.xml:51:25-66
203
204                <category android:name="android.intent.category.DEFAULT" />
204-->[com.navercorp.nid:oauth:5.1.0] AndroidManifest.xml:53:17-76
204-->[com.navercorp.nid:oauth:5.1.0] AndroidManifest.xml:53:27-73
205                <category android:name="android.intent.category.BROWSABLE" />
205-->[com.navercorp.nid:oauth:5.1.0] AndroidManifest.xml:54:17-78
205-->[com.navercorp.nid:oauth:5.1.0] AndroidManifest.xml:54:27-75
206                <!-- Intent URL 에서 로그인 액티비티를 실행하기 위해 설정 -->
207                <data
207-->[com.navercorp.nid:oauth:5.1.0] AndroidManifest.xml:56:17-59:59
208                    android:host="authorize"
208-->[com.navercorp.nid:oauth:5.1.0] AndroidManifest.xml:57:21-45
209                    android:path="/"
209-->[com.navercorp.nid:oauth:5.1.0] AndroidManifest.xml:58:21-37
210                    android:scheme="naver3rdpartylogin" />
210-->[com.navercorp.nid:oauth:5.1.0] AndroidManifest.xml:59:21-56
211            </intent-filter>
212        </activity>
213        <activity
213-->[com.kakao.sdk:v2-friend:2.10.0] AndroidManifest.xml:13:9-16:59
214            android:name="com.kakao.sdk.friend.view.FullPickerActivity"
214-->[com.kakao.sdk:v2-friend:2.10.0] AndroidManifest.xml:14:13-72
215            android:theme="@style/DayNightFull"
215-->[com.kakao.sdk:v2-friend:2.10.0] AndroidManifest.xml:15:13-48
216            android:windowSoftInputMode="adjustNothing" />
216-->[com.kakao.sdk:v2-friend:2.10.0] AndroidManifest.xml:16:13-56
217        <activity
217-->[com.kakao.sdk:v2-friend:2.10.0] AndroidManifest.xml:17:9-19:52
218            android:name="com.kakao.sdk.friend.view.PopupPickerActivity"
218-->[com.kakao.sdk:v2-friend:2.10.0] AndroidManifest.xml:18:13-73
219            android:theme="@style/DayNightPopup" />
219-->[com.kakao.sdk:v2-friend:2.10.0] AndroidManifest.xml:19:13-49
220        <activity
220-->[com.kakao.sdk:v2-auth:2.10.0] AndroidManifest.xml:10:9-14:56
221            android:name="com.kakao.sdk.auth.TalkAuthCodeActivity"
221-->[com.kakao.sdk:v2-auth:2.10.0] AndroidManifest.xml:11:13-67
222            android:exported="false"
222-->[com.kakao.sdk:v2-auth:2.10.0] AndroidManifest.xml:12:13-37
223            android:launchMode="singleTask"
223-->[com.kakao.sdk:v2-auth:2.10.0] AndroidManifest.xml:13:13-44
224            android:theme="@style/TransparentCompat" />
224-->[com.kakao.sdk:v2-auth:2.10.0] AndroidManifest.xml:14:13-53
225        <activity
225-->[com.kakao.sdk:v2-auth:2.10.0] AndroidManifest.xml:15:9-18:56
226            android:name="com.kakao.sdk.auth.AuthCodeHandlerActivity"
226-->[com.kakao.sdk:v2-auth:2.10.0] AndroidManifest.xml:16:13-70
227            android:launchMode="singleTask"
227-->[com.kakao.sdk:v2-auth:2.10.0] AndroidManifest.xml:17:13-44
228            android:theme="@style/TransparentCompat" />
228-->[com.kakao.sdk:v2-auth:2.10.0] AndroidManifest.xml:18:13-53
229        <activity
229-->[com.naver.maps:map-sdk:3.16.0] AndroidManifest.xml:21:9-25:51
230            android:name="com.naver.maps.map.app.LegendActivity"
230-->[com.naver.maps:map-sdk:3.16.0] AndroidManifest.xml:22:13-65
231            android:configChanges="screenSize|smallestScreenSize|screenLayout|orientation"
231-->[com.naver.maps:map-sdk:3.16.0] AndroidManifest.xml:23:13-91
232            android:label="@string/navermap_legend"
232-->[com.naver.maps:map-sdk:3.16.0] AndroidManifest.xml:24:13-52
233            android:theme="@style/navermap_app" />
233-->[com.naver.maps:map-sdk:3.16.0] AndroidManifest.xml:25:13-48
234        <activity
234-->[com.naver.maps:map-sdk:3.16.0] AndroidManifest.xml:26:9-30:51
235            android:name="com.naver.maps.map.app.LegalNoticeActivity"
235-->[com.naver.maps:map-sdk:3.16.0] AndroidManifest.xml:27:13-70
236            android:configChanges="screenSize|smallestScreenSize|screenLayout|orientation"
236-->[com.naver.maps:map-sdk:3.16.0] AndroidManifest.xml:28:13-91
237            android:label="@string/navermap_legal_notice"
237-->[com.naver.maps:map-sdk:3.16.0] AndroidManifest.xml:29:13-58
238            android:theme="@style/navermap_app" />
238-->[com.naver.maps:map-sdk:3.16.0] AndroidManifest.xml:30:13-48
239        <activity
239-->[com.naver.maps:map-sdk:3.16.0] AndroidManifest.xml:31:9-35:51
240            android:name="com.naver.maps.map.app.OpenSourceLicenseActivity"
240-->[com.naver.maps:map-sdk:3.16.0] AndroidManifest.xml:32:13-76
241            android:configChanges="screenSize|smallestScreenSize|screenLayout|orientation"
241-->[com.naver.maps:map-sdk:3.16.0] AndroidManifest.xml:33:13-91
242            android:label="@string/navermap_open_source_license"
242-->[com.naver.maps:map-sdk:3.16.0] AndroidManifest.xml:34:13-65
243            android:theme="@style/navermap_app" />
243-->[com.naver.maps:map-sdk:3.16.0] AndroidManifest.xml:35:13-48
244
245        <service
245-->[com.google.firebase:firebase-auth-ktx:21.0.5] AndroidManifest.xml:8:9-14:19
246            android:name="com.google.firebase.components.ComponentDiscoveryService"
246-->[com.google.firebase:firebase-auth-ktx:21.0.5] AndroidManifest.xml:9:13-84
247            android:directBootAware="true"
247-->[com.google.firebase:firebase-common:20.1.1] AndroidManifest.xml:35:13-43
248            android:exported="false" >
248-->[com.google.firebase:firebase-auth-ktx:21.0.5] AndroidManifest.xml:10:13-37
249            <meta-data
249-->[com.google.firebase:firebase-auth-ktx:21.0.5] AndroidManifest.xml:11:13-13:85
250                android:name="com.google.firebase.components:com.google.firebase.auth.ktx.FirebaseAuthKtxRegistrar"
250-->[com.google.firebase:firebase-auth-ktx:21.0.5] AndroidManifest.xml:12:17-116
251                android:value="com.google.firebase.components.ComponentRegistrar" />
251-->[com.google.firebase:firebase-auth-ktx:21.0.5] AndroidManifest.xml:13:17-82
252            <meta-data
252-->[com.google.firebase:firebase-auth:21.0.5] AndroidManifest.xml:67:13-69:85
253                android:name="com.google.firebase.components:com.google.firebase.auth.FirebaseAuthRegistrar"
253-->[com.google.firebase:firebase-auth:21.0.5] AndroidManifest.xml:68:17-109
254                android:value="com.google.firebase.components.ComponentRegistrar" />
254-->[com.google.firebase:firebase-auth:21.0.5] AndroidManifest.xml:69:17-82
255            <meta-data
255-->[com.google.firebase:firebase-firestore:24.1.2] AndroidManifest.xml:20:13-22:85
256                android:name="com.google.firebase.components:com.google.firebase.firestore.FirestoreRegistrar"
256-->[com.google.firebase:firebase-firestore:24.1.2] AndroidManifest.xml:21:17-111
257                android:value="com.google.firebase.components.ComponentRegistrar" />
257-->[com.google.firebase:firebase-firestore:24.1.2] AndroidManifest.xml:22:17-82
258            <meta-data
258-->[com.google.firebase:firebase-database:20.0.5] AndroidManifest.xml:32:13-34:85
259                android:name="com.google.firebase.components:com.google.firebase.database.DatabaseRegistrar"
259-->[com.google.firebase:firebase-database:20.0.5] AndroidManifest.xml:33:17-109
260                android:value="com.google.firebase.components.ComponentRegistrar" />
260-->[com.google.firebase:firebase-database:20.0.5] AndroidManifest.xml:34:17-82
261            <meta-data
261-->[com.google.firebase:firebase-storage:20.0.1] AndroidManifest.xml:33:13-35:85
262                android:name="com.google.firebase.components:com.google.firebase.storage.StorageRegistrar"
262-->[com.google.firebase:firebase-storage:20.0.1] AndroidManifest.xml:34:17-107
263                android:value="com.google.firebase.components.ComponentRegistrar" />
263-->[com.google.firebase:firebase-storage:20.0.1] AndroidManifest.xml:35:17-82
264            <meta-data
264-->[com.google.firebase:firebase-messaging:23.0.5] AndroidManifest.xml:55:13-57:85
265                android:name="com.google.firebase.components:com.google.firebase.messaging.FirebaseMessagingRegistrar"
265-->[com.google.firebase:firebase-messaging:23.0.5] AndroidManifest.xml:56:17-119
266                android:value="com.google.firebase.components.ComponentRegistrar" />
266-->[com.google.firebase:firebase-messaging:23.0.5] AndroidManifest.xml:57:17-82
267            <meta-data
267-->[com.google.firebase:firebase-datatransport:18.1.4] AndroidManifest.xml:28:13-30:85
268                android:name="com.google.firebase.components:com.google.firebase.datatransport.TransportRegistrar"
268-->[com.google.firebase:firebase-datatransport:18.1.4] AndroidManifest.xml:29:17-115
269                android:value="com.google.firebase.components.ComponentRegistrar" />
269-->[com.google.firebase:firebase-datatransport:18.1.4] AndroidManifest.xml:30:17-82
270            <meta-data
270-->[com.google.firebase:firebase-common-ktx:20.1.1] AndroidManifest.xml:15:13-17:85
271                android:name="com.google.firebase.components:com.google.firebase.ktx.FirebaseCommonKtxRegistrar"
271-->[com.google.firebase:firebase-common-ktx:20.1.1] AndroidManifest.xml:16:17-113
272                android:value="com.google.firebase.components.ComponentRegistrar" />
272-->[com.google.firebase:firebase-common-ktx:20.1.1] AndroidManifest.xml:17:17-82
273            <meta-data
273-->[com.google.android.gms:play-services-measurement-api:21.0.0] AndroidManifest.xml:31:13-33:85
274                android:name="com.google.firebase.components:com.google.firebase.analytics.connector.internal.AnalyticsConnectorRegistrar"
274-->[com.google.android.gms:play-services-measurement-api:21.0.0] AndroidManifest.xml:32:17-139
275                android:value="com.google.firebase.components.ComponentRegistrar" />
275-->[com.google.android.gms:play-services-measurement-api:21.0.0] AndroidManifest.xml:33:17-82
276            <meta-data
276-->[com.google.firebase:firebase-installations:17.0.1] AndroidManifest.xml:18:13-20:85
277                android:name="com.google.firebase.components:com.google.firebase.installations.FirebaseInstallationsRegistrar"
277-->[com.google.firebase:firebase-installations:17.0.1] AndroidManifest.xml:19:17-127
278                android:value="com.google.firebase.components.ComponentRegistrar" />
278-->[com.google.firebase:firebase-installations:17.0.1] AndroidManifest.xml:20:17-82
279        </service>
280
281        <activity
281-->[com.google.firebase:firebase-auth:21.0.5] AndroidManifest.xml:27:9-44:20
282            android:name="com.google.firebase.auth.internal.GenericIdpActivity"
282-->[com.google.firebase:firebase-auth:21.0.5] AndroidManifest.xml:28:13-80
283            android:excludeFromRecents="true"